\BOOKMARK [0][-]{Doc-Start}{\376\377\000D\000e\000c\000l\000a\000r\000a\000t\000i\000o\000n\000\040\000o\000f\000\040\000O\000r\000i\000g\000i\000n\000a\000l\000i\000t\000y}{}% 1
\BOOKMARK [0][-]{chapter*.1}{\376\377\000W\000o\000r\000d\000\040\000C\000o\000u\000n\000t}{}% 2
\BOOKMARK [0][-]{chapter*.2}{\376\377\000A\000b\000s\000t\000r\000a\000c\000t}{}% 3
\BOOKMARK [0][-]{chapter*.5}{\376\377\000L\000i\000s\000t\000\040\000o\000f\000\040\000f\000i\000g\000u\000r\000e\000s}{}% 4
\BOOKMARK [0][-]{chapter*.6}{\376\377\000L\000i\000s\000t\000\040\000o\000f\000\040\000t\000a\000b\000l\000e\000s}{}% 5
\BOOKMARK [0][-]{chapter.1}{\376\377\000I\000n\000t\000r\000o\000d\000u\000c\000t\000i\000o\000n}{}% 6
\BOOKMARK [1][-]{section.1.1}{\376\377\000B\000a\000c\000k\000g\000r\000o\000u\000n\000d\000\040\000a\000n\000d\000\040\000C\000o\000n\000t\000e\000x\000t}{chapter.1}% 7
\BOOKMARK [1][-]{section.1.2}{\376\377\000M\000e\000t\000h\000o\000d\000s\000\040\000O\000v\000e\000r\000v\000i\000e\000w}{chapter.1}% 8
\BOOKMARK [1][-]{section.1.3}{\376\377\000O\000b\000j\000e\000c\000t\000i\000v\000e\000s}{chapter.1}% 9
\BOOKMARK [1][-]{section.1.4}{\376\377\000A\000c\000h\000i\000e\000v\000e\000m\000e\000n\000t\000s}{chapter.1}% 10
\BOOKMARK [1][-]{section.1.5}{\376\377\000P\000r\000a\000c\000t\000i\000c\000a\000l\000\040\000C\000o\000n\000s\000i\000d\000e\000r\000a\000t\000i\000o\000n\000s\000\040\000a\000n\000d\000\040\000C\000o\000n\000s\000t\000r\000a\000i\000n\000t\000s}{chapter.1}% 11
\BOOKMARK [1][-]{section.1.6}{\376\377\000O\000v\000e\000r\000v\000i\000e\000w\000\040\000o\000f\000\040\000D\000i\000s\000s\000e\000r\000t\000a\000t\000i\000o\000n}{chapter.1}% 12
\BOOKMARK [0][-]{chapter.2}{\376\377\000B\000a\000c\000k\000g\000r\000o\000u\000n\000d\000\040\000T\000h\000e\000o\000r\000y\000\040\000a\000n\000d\000\040\000L\000i\000t\000e\000r\000a\000t\000u\000r\000e\000\040\000R\000e\000v\000i\000e\000w}{}% 13
\BOOKMARK [1][-]{section.2.1}{\376\377\000D\000e\000e\000p\000\040\000O\000b\000j\000e\000c\000t\000\040\000D\000e\000t\000e\000c\000t\000i\000o\000n}{chapter.2}% 14
\BOOKMARK [1][-]{section.2.2}{\376\377\000K\000n\000o\000w\000l\000e\000d\000g\000e\000\040\000D\000i\000s\000t\000i\000l\000l\000a\000t\000i\000o\000n}{chapter.2}% 15
\BOOKMARK [1][-]{section.2.3}{\376\377\000K\000n\000o\000w\000l\000e\000d\000g\000e\000\040\000D\000i\000s\000t\000i\000l\000l\000a\000t\000i\000o\000n\000\040\000f\000o\000r\000\040\000O\000b\000j\000e\000c\000t\000\040\000D\000e\000t\000e\000c\000t\000i\000o\000n}{chapter.2}% 16
\BOOKMARK [1][-]{section.2.4}{\376\377\000S\000t\000r\000u\000c\000t\000u\000r\000a\000l\000\040\000S\000i\000m\000i\000l\000a\000r\000i\000t\000y\000\040\000a\000s\000\040\000a\000\040\000D\000i\000s\000t\000i\000l\000l\000a\000t\000i\000o\000n\000\040\000S\000i\000g\000n\000a\000l}{chapter.2}% 17
\BOOKMARK [1][-]{section.2.5}{\376\377\000S\000u\000m\000m\000a\000r\000y}{chapter.2}% 18
\BOOKMARK [0][-]{chapter.3}{\376\377\000M\000e\000t\000h\000o\000d\000o\000l\000o\000g\000y}{}% 19
\BOOKMARK [1][-]{section.3.1}{\376\377\000O\000v\000e\000r\000v\000i\000e\000w\000\040\000o\000f\000\040\000t\000h\000e\000\040\000D\000i\000s\000t\000i\000l\000l\000a\000t\000i\000o\000n\000\040\000F\000r\000a\000m\000e\000w\000o\000r\000k}{chapter.3}% 20
\BOOKMARK [1][-]{section.3.2}{\376\377\000T\000e\000a\000c\000h\000e\000r\000\040\000a\000n\000d\000\040\000S\000t\000u\000d\000e\000n\000t\000\040\000A\000r\000c\000h\000i\000t\000e\000c\000t\000u\000r\000e}{chapter.3}% 21
\BOOKMARK [1][-]{section.3.3}{\376\377\000D\000i\000m\000e\000n\000s\000i\000o\000n\000a\000l\000i\000t\000y\000\040\000a\000n\000d\000\040\000F\000e\000a\000t\000u\000r\000e\000\040\000A\000l\000i\000g\000n\000m\000e\000n\000t}{chapter.3}% 22
\BOOKMARK [0][-]{chapter.4}{\376\377\000T\000r\000a\000i\000n\000i\000n\000g\000\040\000a\000n\000d\000\040\000E\000v\000a\000l\000u\000a\000t\000i\000o\000n\000\040\000F\000r\000a\000m\000e\000w\000o\000r\000k}{}% 23
\BOOKMARK [1][-]{section.4.1}{\376\377\000R\000e\000t\000i\000n\000a\000N\000e\000t\000\040\000D\000e\000t\000e\000c\000t\000i\000o\000n\000\040\000L\000o\000s\000s}{chapter.4}% 24
\BOOKMARK [1][-]{section.4.2}{\376\377\000F\000P\000N\000\040\000F\000e\000a\000t\000u\000r\000e\000\040\000E\000x\000t\000r\000a\000c\000t\000i\000o\000n}{chapter.4}% 25
\BOOKMARK [1][-]{section.4.3}{\376\377\000H\000i\000e\000r\000a\000r\000c\000h\000i\000c\000a\000l\000\040\000S\000S\000I\000M\000\040\000K\000n\000o\000w\000l\000e\000d\000g\000e\000\040\000D\000i\000s\000t\000i\000l\000l\000a\000t\000i\000o\000n\000\040\000L\000o\000s\000s}{chapter.4}% 26
\BOOKMARK [1][-]{section.4.4}{\376\377\000T\000r\000a\000i\000n\000i\000n\000g\000\040\000P\000r\000o\000c\000e\000d\000u\000r\000e}{chapter.4}% 27
\BOOKMARK [1][-]{section.4.5}{\376\377\000E\000v\000a\000l\000u\000a\000t\000i\000o\000n\000\040\000P\000r\000o\000t\000o\000c\000o\000l}{chapter.4}% 28
\BOOKMARK [1][-]{section.4.6}{\376\377\000S\000u\000m\000m\000a\000r\000y}{chapter.4}% 29
\BOOKMARK [0][-]{chapter.5}{\376\377\000E\000x\000p\000e\000r\000i\000m\000e\000n\000t\000s\000\040\000a\000n\000d\000\040\000D\000i\000s\000c\000u\000s\000s\000i\000o\000n}{}% 30
\BOOKMARK [1][-]{section.5.1}{\376\377\000E\000x\000p\000e\000r\000i\000m\000e\000n\000t\000a\000l\000\040\000S\000e\000t\000u\000p}{chapter.5}% 31
\BOOKMARK [1][-]{section.5.2}{\376\377\000I\000m\000p\000l\000e\000m\000e\000n\000t\000a\000t\000i\000o\000n\000-\000L\000e\000v\000e\000l\000\040\000R\000e\000s\000o\000u\000r\000c\000e\000\040\000P\000r\000o\000f\000i\000l\000e}{chapter.5}% 32
\BOOKMARK [1][-]{section.5.3}{\376\377\000Q\000u\000a\000n\000t\000i\000t\000a\000t\000i\000v\000e\000\040\000R\000e\000s\000u\000l\000t\000s}{chapter.5}% 33
\BOOKMARK [1][-]{section.5.4}{\376\377\000T\000r\000a\000i\000n\000i\000n\000g\000\040\000D\000y\000n\000a\000m\000i\000c\000s\000\040\000a\000n\000d\000\040\000M\000e\000t\000r\000i\000c\000-\000L\000e\000v\000e\000l\000\040\000I\000n\000t\000e\000r\000p\000r\000e\000t\000a\000t\000i\000o\000n}{chapter.5}% 34
\BOOKMARK [1][-]{section.5.5}{\376\377\000D\000i\000s\000c\000u\000s\000s\000i\000o\000n}{chapter.5}% 35
\BOOKMARK [2][-]{subsection.5.5.1}{\376\377\000W\000h\000a\000t\000\040\000t\000h\000e\000\040\000P\000o\000s\000i\000t\000i\000v\000e\000\040\000R\000e\000s\000u\000l\000t\000\040\000S\000u\000g\000g\000e\000s\000t\000s}{section.5.5}% 36
\BOOKMARK [2][-]{subsection.5.5.2}{\376\377\000W\000h\000a\000t\000\040\000t\000h\000e\000\040\000F\000a\000i\000l\000u\000r\000e\000\040\000C\000a\000s\000e\000\040\000S\000u\000g\000g\000e\000s\000t\000s}{section.5.5}% 37
\BOOKMARK [2][-]{subsection.5.5.3}{\376\377\000R\000e\000l\000a\000t\000i\000o\000n\000s\000h\000i\000p\000\040\000B\000e\000t\000w\000e\000e\000n\000\040\000C\000a\000p\000a\000c\000i\000t\000y\000\040\000a\000n\000d\000\040\000D\000i\000s\000t\000i\000l\000l\000a\000t\000i\000o\000n}{section.5.5}% 38
\BOOKMARK [1][-]{section.5.6}{\376\377\000P\000r\000a\000c\000t\000i\000c\000a\000l\000\040\000I\000m\000p\000l\000i\000c\000a\000t\000i\000o\000n\000s\000\040\000f\000o\000r\000\040\000R\000e\000p\000r\000o\000d\000u\000c\000i\000b\000i\000l\000i\000t\000y\000\040\000a\000n\000d\000\040\000D\000e\000p\000l\000o\000y\000m\000e\000n\000t}{chapter.5}% 39
\BOOKMARK [1][-]{section.5.7}{\376\377\000L\000i\000m\000i\000t\000a\000t\000i\000o\000n\000s\000\040\000a\000n\000d\000\040\000T\000h\000r\000e\000a\000t\000s\000\040\000t\000o\000\040\000V\000a\000l\000i\000d\000i\000t\000y}{chapter.5}% 40
\BOOKMARK [1][-]{section.5.8}{\376\377\000S\000u\000m\000m\000a\000r\000y}{chapter.5}% 41
\BOOKMARK [0][-]{chapter.6}{\376\377\000C\000o\000n\000c\000l\000u\000s\000i\000o\000n\000s}{}% 42
\BOOKMARK [1][-]{section.6.1}{\376\377\000A\000c\000h\000i\000e\000v\000e\000m\000e\000n\000t\000\040\000A\000g\000a\000i\000n\000s\000t\000\040\000O\000b\000j\000e\000c\000t\000i\000v\000e\000s}{chapter.6}% 43
\BOOKMARK [1][-]{section.6.2}{\376\377\000F\000u\000t\000u\000r\000e\000\040\000W\000o\000r\000k}{chapter.6}% 44
\BOOKMARK [1][-]{section.6.3}{\376\377\000C\000r\000i\000t\000i\000c\000a\000l\000\040\000A\000p\000p\000r\000a\000i\000s\000a\000l}{chapter.6}% 45
\BOOKMARK [0][-]{section.6.3}{\376\377\000B\000i\000b\000l\000i\000o\000g\000r\000a\000p\000h\000y}{}% 46
\BOOKMARK [0][-]{appendix.A}{\376\377\000C\000o\000d\000e\000b\000a\000s\000e\000\040\000a\000n\000d\000\040\000C\000o\000n\000f\000i\000g\000u\000r\000a\000t\000i\000o\000n\000\040\000M\000a\000n\000u\000a\000l}{}% 47
\BOOKMARK [1][-]{section.A.1}{\376\377\000T\000o\000p\000-\000L\000e\000v\000e\000l\000\040\000R\000e\000p\000o\000s\000i\000t\000o\000r\000y\000\040\000L\000a\000y\000o\000u\000t}{appendix.A}% 48
\BOOKMARK [1][-]{section.A.2}{\376\377\000T\000r\000a\000i\000n\000i\000n\000g\000\040\000E\000n\000t\000r\000y\000\040\000P\000o\000i\000n\000t\000\040\000a\000n\000d\000\040\000E\000x\000e\000c\000u\000t\000i\000o\000n\000\040\000F\000l\000o\000w}{appendix.A}% 49
\BOOKMARK [1][-]{section.A.3}{\376\377\000I\000m\000p\000l\000e\000m\000e\000n\000t\000a\000t\000i\000o\000n\000\040\000M\000o\000d\000u\000l\000e\000s\000\040\000i\000n\000\040\000s\000r\000c\000/}{appendix.A}% 50
\BOOKMARK [1][-]{section.A.4}{\376\377\000C\000o\000n\000f\000i\000g\000u\000r\000a\000t\000i\000o\000n\000\040\000F\000i\000l\000e\000\040\000S\000t\000r\000u\000c\000t\000u\000r\000e}{appendix.A}% 51
\BOOKMARK [1][-]{section.A.5}{\376\377\000C\000u\000r\000r\000e\000n\000t\000\040\000E\000x\000p\000e\000r\000i\000m\000e\000n\000t\000\040\000C\000o\000n\000f\000i\000g\000u\000r\000a\000t\000i\000o\000n\000s}{appendix.A}% 52
\BOOKMARK [1][-]{section.A.6}{\376\377\000C\000o\000n\000f\000i\000g\000\040\000F\000i\000e\000l\000d\000s\000\040\000M\000o\000s\000t\000\040\000R\000e\000l\000e\000v\000a\000n\000t\000\040\000t\000o\000\040\000R\000e\000p\000r\000o\000d\000u\000c\000i\000b\000i\000l\000i\000t\000y}{appendix.A}% 53
\BOOKMARK [1][-]{section.A.7}{\376\377\000S\000a\000v\000e\000d\000\040\000A\000r\000t\000e\000f\000a\000c\000t\000s\000\040\000a\000n\000d\000\040\000S\000u\000p\000p\000o\000r\000t\000i\000n\000g\000\040\000F\000i\000l\000e\000s}{appendix.A}% 54
